[     353ms] [WARNING] [Warning] Please install/enable Redux devtools extension @ https://frontend-assets.supabase.com/studio/7275a59d4ecf/_next/static/chunks/0_by9ha_bc8iq.js?dpl=dpl_391fpS7wRnziUooRgq1impwmAoUM:12
[    1872ms] [LOG] Supabase Studio is running commit 7275a59d4ecfc093e989ff0bff6798ec700be5a7 deployed at 2026-06-02 04:54:45 +09:00. @ https://frontend-assets.supabase.com/studio/7275a59d4ecf/_next/static/chunks/0_by9ha_bc8iq.js?dpl=dpl_391fpS7wRnziUooRgq1impwmAoUM:12
[    1905ms] [WARNING] ConfigCat - WARN - [3003] Cannot evaluate condition (User.plan IS ONE OF ['pro', 'team', 'enterprise']) for setting 'observabilityOverview' (the User.plan attribute is missing). You should set the User.plan attribute in order to make targeting work properly. Read more: https://configcat.com/docs/advanced/user-object/ @ https://frontend-assets.supabase.com/studio/7275a59d4ecf/_next/static/chunks/0_by9ha_bc8iq.js?dpl=dpl_391fpS7wRnziUooRgq1impwmAoUM:12
[    1906ms] [WARNING] ConfigCat - WARN - [3003] Cannot evaluate condition (User.plan IS ONE OF ['team']) for setting 'unifiedLogs' (the User.plan attribute is missing). You should set the User.plan attribute in order to make targeting work properly. Read more: https://configcat.com/docs/advanced/user-object/ @ https://frontend-assets.supabase.com/studio/7275a59d4ecf/_next/static/chunks/0_by9ha_bc8iq.js?dpl=dpl_391fpS7wRnziUooRgq1impwmAoUM:12
[    1907ms] [WARNING] ConfigCat - WARN - [3003] Cannot evaluate condition (User.plan IS ONE OF ['enterprise']) for setting 'unifiedLogs' (the User.plan attribute is missing). You should set the User.plan attribute in order to make targeting work properly. Read more: https://configcat.com/docs/advanced/user-object/ @ https://frontend-assets.supabase.com/studio/7275a59d4ecf/_next/static/chunks/0_by9ha_bc8iq.js?dpl=dpl_391fpS7wRnziUooRgq1impwmAoUM:12
[    1907ms] [WARNING] ConfigCat - WARN - [3003] Cannot evaluate condition (User.plan IS ONE OF ['pro']) for setting 'unifiedLogs' (the User.plan attribute is missing). You should set the User.plan attribute in order to make targeting work properly. Read more: https://configcat.com/docs/advanced/user-object/ @ https://frontend-assets.supabase.com/studio/7275a59d4ecf/_next/static/chunks/0_by9ha_bc8iq.js?dpl=dpl_391fpS7wRnziUooRgq1impwmAoUM:12
[    2123ms] [WARNING] ConfigCat - WARN - [3003] Cannot evaluate condition (User.plan IS ONE OF ['pro', 'team', 'enterprise']) for setting 'observabilityOverview' (the User.plan attribute is missing). You should set the User.plan attribute in order to make targeting work properly. Read more: https://configcat.com/docs/advanced/user-object/ @ https://frontend-assets.supabase.com/studio/7275a59d4ecf/_next/static/chunks/0_by9ha_bc8iq.js?dpl=dpl_391fpS7wRnziUooRgq1impwmAoUM:12
[    2125ms] [WARNING] ConfigCat - WARN - [3003] Cannot evaluate condition (User.plan IS ONE OF ['team']) for setting 'unifiedLogs' (the User.plan attribute is missing). You should set the User.plan attribute in order to make targeting work properly. Read more: https://configcat.com/docs/advanced/user-object/ @ https://frontend-assets.supabase.com/studio/7275a59d4ecf/_next/static/chunks/0_by9ha_bc8iq.js?dpl=dpl_391fpS7wRnziUooRgq1impwmAoUM:12
[    2125ms] [WARNING] ConfigCat - WARN - [3003] Cannot evaluate condition (User.plan IS ONE OF ['enterprise']) for setting 'unifiedLogs' (the User.plan attribute is missing). You should set the User.plan attribute in order to make targeting work properly. Read more: https://configcat.com/docs/advanced/user-object/ @ https://frontend-assets.supabase.com/studio/7275a59d4ecf/_next/static/chunks/0_by9ha_bc8iq.js?dpl=dpl_391fpS7wRnziUooRgq1impwmAoUM:12
[    2125ms] [WARNING] ConfigCat - WARN - [3003] Cannot evaluate condition (User.plan IS ONE OF ['pro']) for setting 'unifiedLogs' (the User.plan attribute is missing). You should set the User.plan attribute in order to make targeting work properly. Read more: https://configcat.com/docs/advanced/user-object/ @ https://frontend-assets.supabase.com/studio/7275a59d4ecf/_next/static/chunks/0_by9ha_bc8iq.js?dpl=dpl_391fpS7wRnziUooRgq1impwmAoUM:12
[   45532ms] [WARNING] Tabs is changing from controlled to uncontrolled. Components should not switch from controlled to uncontrolled (or vice versa). Decide between using a controlled or uncontrolled value for the lifetime of the component. @ https://frontend-assets.supabase.com/studio/7275a59d4ecf/_next/static/chunks/0_by9ha_bc8iq.js?dpl=dpl_391fpS7wRnziUooRgq1impwmAoUM:12
[   45548ms] [WARNING] Tabs is changing from uncontrolled to controlled. Components should not switch from controlled to uncontrolled (or vice versa). Decide between using a controlled or uncontrolled value for the lifetime of the component. @ https://frontend-assets.supabase.com/studio/7275a59d4ecf/_next/static/chunks/0_by9ha_bc8iq.js?dpl=dpl_391fpS7wRnziUooRgq1impwmAoUM:12
[ 1513353ms] [ERROR] Failed to load resource: net::ERR_NETWORK_CHANGED @ https://api.supabase.com/platform/projects/twpxsbnkypocjfnerfmd:0
[ 1513380ms] [ERROR] Failed to load resource: net::ERR_NETWORK_CHANGED @ https://api.supabase.com/platform/pg-meta/twpxsbnkypocjfnerfmd/query?key=fdws:0
[ 1513397ms] [ERROR] Failed to load resource: net::ERR_NETWORK_CHANGED @ https://api.supabase.com/platform/pg-meta/twpxsbnkypocjfnerfmd/query?key=database-extensions:0
[ 1513485ms] [ERROR] Failed to load resource: net::ERR_NETWORK_CHANGED @ https://api.supabase.com/platform/pg-meta/twpxsbnkypocjfnerfmd/query?key=ongoing-queries:0
[ 1513520ms] [ERROR] Failed to load resource: net::ERR_NETWORK_CHANGED @ https://api.supabase.com/platform/pg-meta/twpxsbnkypocjfnerfmd/query?key=keywords:0
[ 1513526ms] [ERROR] Failed to load resource: net::ERR_NETWORK_CHANGED @ https://api.supabase.com/platform/pg-meta/twpxsbnkypocjfnerfmd/query?key=database-functions:0
[ 1513530ms] [ERROR] Failed to load resource: net::ERR_NETWORK_CHANGED @ https://api.supabase.com/platform/pg-meta/twpxsbnkypocjfnerfmd/query?key=schemas:0
[ 1513533ms] [ERROR] Failed to load resource: net::ERR_NETWORK_CHANGED @ https://api.supabase.com/platform/pg-meta/twpxsbnkypocjfnerfmd/query?key=table-columns:0
[ 1513537ms] [ERROR] Failed to load resource: net::ERR_NETWORK_CHANGED @ https://api.supabase.com/platform/pg-meta/twpxsbnkypocjfnerfmd/query?key=projects-twpxsbnkypocjfnerfmd-database-event-triggers:0
[ 1513538ms] [ERROR] Failed to load resource: net::ERR_NETWORK_CHANGED @ https://api.supabase.com/v1/projects/twpxsbnkypocjfnerfmd/network-bans/retrieve:0
[ 1513540ms] [ERROR] Failed to load resource: net::ERR_NETWORK_CHANGED @ https://api.supabase.com/platform/projects/twpxsbnkypocjfnerfmd/config/storage:0
[ 1513543ms] [ERROR] Failed to load resource: net::ERR_NETWORK_CHANGED @ https://api.supabase.com/v1/projects/twpxsbnkypocjfnerfmd/api-keys?reveal=true:0
[ 1513556ms] [ERROR] Failed to load resource: net::ERR_NETWORK_CHANGED @ https://api.supabase.com/platform/projects/twpxsbnkypocjfnerfmd/content/item/26d005d8-0ad7-4361-9d0e-bcd6f2963895:0
[ 1513557ms] [ERROR] Failed to load resource: net::ERR_NETWORK_CHANGED @ https://api.supabase.com/platform/auth/twpxsbnkypocjfnerfmd/config:0
[ 1513559ms] [ERROR] Failed to load resource: net::ERR_NETWORK_CHANGED @ https://api.supabase.com/platform/projects/twpxsbnkypocjfnerfmd/content/folders?type=sql&limit=100&sort_by=inserted_at&sort_order=desc&visibility=user:0
[ 1513566ms] [ERROR] Failed to load resource: net::ERR_NETWORK_CHANGED @ https://api.supabase.com/platform/projects/twpxsbnkypocjfnerfmd/content/count?type=sql:0
[ 1513568ms] [ERROR] Failed to load resource: net::ERR_NETWORK_CHANGED @ https://api.supabase.com/v1/projects/twpxsbnkypocjfnerfmd/branches:0
[ 1513570ms] [ERROR] Failed to load resource: net::ERR_NETWORK_CHANGED @ https://api.supabase.com/platform/projects/twpxsbnkypocjfnerfmd/run-lints:0
[ 1513571ms] [ERROR] Failed to load resource: net::ERR_NETWORK_CHANGED @ https://api.supabase.com/platform/projects/twpxsbnkypocjfnerfmd/databases:0
[ 1513574ms] [ERROR] Failed to load resource: net::ERR_NETWORK_CHANGED @ https://api.supabase.com/platform/projects/twpxsbnkypocjfnerfmd/settings:0
[ 1513575ms] [ERROR] Failed to load resource: net::ERR_NETWORK_CHANGED @ https://api.supabase.com/v1/projects/twpxsbnkypocjfnerfmd/api-keys?reveal=false:0
[ 1513575ms] [ERROR] Failed to load resource: net::ERR_NETWORK_CHANGED @ https://api.supabase.com/platform/profile/permissions:0
[ 1513578ms] [ERROR] Failed to load resource: net::ERR_NETWORK_CHANGED @ https://api.supabase.com/platform/notifications?offset=0&limit=20&status=new%2Cseen:0
[ 8744812ms] [ERROR] Failed to load resource: net::ERR_NAME_NOT_RESOLVED @ https://ph.supabase.com/flags/?v=2&ip=0&_=1780383913987&ver=1.357.0&compression=base64:0
