[     473ms] [LOG] %c
▲

 _____ _              _                    _   _             __
|_   _| |__   ___    / \   __ _  ___ _ __ | |_(_) ___       / /
  | | | '_ \ / _ \  / _ \ / _` |/ _ \ '_ \| __| |/ __|     / /
  | | | | | |  __/ / ___ \ (_| |  __/ | | | |_| | (__     /_/
  |_| |_| |_|\___|/_/   \_\__, |\___|_| |_|\__|_|\___|    (_)
                           |___/
 ___        __               _                   _                 _
|_ _|_ __  / _|_ __ __ _ ___| |_ _ __ _   _  ___| |_ _   _ _ __ ___
 | || '_ \| |_| '__/ _` / __| __| '__| | | |/ __| __| | | | '__/ _ \
 | || | | |  _| | | (_| \__ \ |_| |  | |_| | (__| |_| |_| | | |  __/
|___|_| |_|_| |_|  \__,_|___/\__|_|   \__,_|\___|\__|\__,_|_|  \___|
  

Hello!

- Open Source https://vercel.com/oss
- Careers https://vercel.com/careers
- Status https://vercel-status.com

 font-family: "Geist Mono", monospace; white-space: pre; line-height: 1; @ https://vercel.com/_next/static/immutable/chunks/0-ks46k3iq52l.js:78
[    1114ms] [WARNING] Deprecated API for given entry type. @ https://vercel.com/_next/static/immutable/chunks/2tnbrlqru_fp5.js:18
[    3394ms] [ERROR] Failed to load resource: the server responded with a status of 404 () @ https://vercel.com/api/chat/XcgDjKRw6oF7DxAf/stream:0
[    3744ms] [WARNING] [omniagent] chat stream failed Error: {"error":{"code":"not_found","message":"The requested API endpoint was not found."}}
    at oS.reconnectToStream (https://vercel.com/_next/static/immutable/chunks/0ptceisbtumvk.js:38:48063)
    at async ae.makeRequest (https://vercel.com/_next/static/immutable/chunks/0ptceisbtumvk.js:23:47520)
    at async ae.resumeStream (https://vercel.com/_next/static/immutable/chunks/0ptceisbtumvk.js:23:44598) @ https://vercel.com/_next/static/immutable/chunks/2tnbrlqru_fp5.js:16
[   12566ms] [WARNING] The resource https://vercel.com/_next/static/immutable/chunks/0qqjdj1jxku29.css was preloaded using link preload but not used within a few seconds from the window's load event. Please make sure it has an appropriate `as` value and it is preloaded intentionally. @ https://vercel.com/likelion1:0
[   12566ms] [WARNING] The resource https://vercel.com/_next/static/immutable/chunks/05uccjvodw55n.css was preloaded using link preload but not used within a few seconds from the window's load event. Please make sure it has an appropriate `as` value and it is preloaded intentionally. @ https://vercel.com/likelion1:0
[   12566ms] [WARNING] The resource https://vercel.com/_next/static/immutable/chunks/1h2tnrre05rk-.css was preloaded using link preload but not used within a few seconds from the window's load event. Please make sure it has an appropriate `as` value and it is preloaded intentionally. @ https://vercel.com/likelion1:0
[   12566ms] [WARNING] The resource https://vercel.com/_next/static/immutable/chunks/25nnd13fh_4k5.css was preloaded using link preload but not used within a few seconds from the window's load event. Please make sure it has an appropriate `as` value and it is preloaded intentionally. @ https://vercel.com/likelion1:0
[   12566ms] [WARNING] The resource https://vercel.com/_next/static/immutable/chunks/2w_u-eqh3ss0t.css was preloaded using link preload but not used within a few seconds from the window's load event. Please make sure it has an appropriate `as` value and it is preloaded intentionally. @ https://vercel.com/likelion1:0
[   18204ms] [WARNING] The resource https://vercel.com/_next/static/immutable/chunks/0qqjdj1jxku29.css was preloaded using link preload but not used within a few seconds from the window's load event. Please make sure it has an appropriate `as` value and it is preloaded intentionally. @ https://vercel.com/likelion1:0
[   18204ms] [WARNING] The resource https://vercel.com/_next/static/immutable/chunks/05uccjvodw55n.css was preloaded using link preload but not used within a few seconds from the window's load event. Please make sure it has an appropriate `as` value and it is preloaded intentionally. @ https://vercel.com/likelion1:0
[   18204ms] [WARNING] The resource https://vercel.com/_next/static/immutable/chunks/1h2tnrre05rk-.css was preloaded using link preload but not used within a few seconds from the window's load event. Please make sure it has an appropriate `as` value and it is preloaded intentionally. @ https://vercel.com/likelion1:0
[   18204ms] [WARNING] The resource https://vercel.com/_next/static/immutable/chunks/25nnd13fh_4k5.css was preloaded using link preload but not used within a few seconds from the window's load event. Please make sure it has an appropriate `as` value and it is preloaded intentionally. @ https://vercel.com/likelion1:0
[   18204ms] [WARNING] The resource https://vercel.com/_next/static/immutable/chunks/2w_u-eqh3ss0t.css was preloaded using link preload but not used within a few seconds from the window's load event. Please make sure it has an appropriate `as` value and it is preloaded intentionally. @ https://vercel.com/likelion1:0
