[     334ms] [LOG] %c
▲

__  __                                     _            __
\ \/ /___  __  __   _________ _____       (_)_  _______/ /_
 \  / __ \/ / / /  / ___/ __ `/ __ \     / / / / / ___/ __/
 / / /_/ / /_/ /  / /__/ /_/ / / / /    / / /_/ (__  ) /_
/_/\____/\__,_/   \___/\__,_/_/ /_/  __/ /\__,_/____/\__/
         __    _          __  __    /___/
   _____/ /_  (_)___     / /_/ /_  (_)___  ____ ______
  / ___/ __ \/ / __ \   / __/ __ \/ / __ \/ __ `/ ___/
 (__  ) / / / / /_/ /  / /_/ / / / / / / / /_/ (__  )
/____/_/ /_/_/ .___/   \__/_/ /_/_/_/ /_/\__, /____/
            /_/                         /____/
  

Hello!

- Open Source https://vercel.com/oss
- Careers https://vercel.com/careers
- Status https://vercel-status.com

 font-family: "Geist Mono", monospace; white-space: pre; line-height: 1; @ https://vercel.com/_next/static/immutable/chunks/0-ks46k3iq52l.js:78
[     606ms] [WARNING] iso_swr: SSR fetch failed for "/v1/dashboard/projects/salarymap?teamId=likelion1" {error: iso_swr_fetch_error, message: Project not found} @ https://vercel.com/likelion1/salarymap:472
[     904ms] [WARNING] iso_swr: SSR fetch failed for "/api/v7/deployments?limit=10&projectId=salarymap&rollbackCandidate=true&teamId=likelion1" {error: iso_swr_fetch_error, message: Project not found} @ https://vercel.com/likelion1/salarymap:679
[     931ms] [WARNING] iso_swr: SSR fetch failed for "/api/v9/projects/salarymap?activeBranches=1&latestDeployments=1&rollbackInfo=true&teamId=likelion1" {error: iso_swr_fetch_error, message: Project not found.} @ https://vercel.com/likelion1/salarymap:785
[     936ms] [WARNING] iso_swr: SSR fetch failed for "/api/v7/deployments?limit=10&projectId=salarymap&state=INITIALIZING%2CREADY%2CERROR%2CBUILDING%2CQUEUED%2CBLOCKED&target=preview&teamId=likelion1" {error: iso_swr_fetch_error, message: Project not found} @ https://vercel.com/likelion1/salarymap:886
[    1015ms] [WARNING] iso_swr: SSR fetch failed for "/dashboard/projects/salarymap/production-checklist?teamId=likelion1" {error: iso_swr_fetch_error, message: Project not found} @ https://vercel.com/likelion1/salarymap:1099
[    2305ms] [WARNING] iso_swr[warn] [client] fallback error for key: "/v1/dashboard/projects/salarymap?teamId=likelion1" {error: iso_swr_fetch_error, message: Project not found} @ https://vercel.com/_next/static/immutable/chunks/02_j21lflgwpt.js:2
[    2333ms] [WARNING] iso_swr[warn] [client] fallback error for key: "/api/v9/projects/salarymap?activeBranches=1&latestDeployments=1&rollbackInfo=true&teamId=likelion1" {error: iso_swr_fetch_error, message: Project not found.} @ https://vercel.com/_next/static/immutable/chunks/02_j21lflgwpt.js:2
[    3332ms] [ERROR] Failed to load resource: the server responded with a status of 404 () @ https://vercel.com/api/v1/dashboard/projects/salarymap?teamId=likelion1:0
[    3357ms] [ERROR] Failed to load resource: the server responded with a status of 404 () @ https://vercel.com/api/v9/projects/salarymap?activeBranches=1&latestDeployments=1&rollbackInfo=true&teamId=likelion1:0
[    3450ms] [LOG] Ignored request error CustomFetchError: Project not found.
    at g (https://vercel.com/_next/static/immutable/chunks/0c_ixzldbzlr5.js:2:37547)
    at async https://vercel.com/_next/static/immutable/chunks/3ju7s9709dxkc.js:2:12183 @ https://vercel.com/_next/static/immutable/chunks/1xadcgfeg-4_q.js:11
[    3485ms] [ERROR] Failed to load resource: the server responded with a status of 404 () @ https://vercel.com/api/chat/vXNeBB4AidlTuAKC/stream:0
[    3489ms] [WARNING] [omniagent] chat stream failed Error: {"error":{"code":"not_found","message":"The requested API endpoint was not found."}}
    at oS.reconnectToStream (https://vercel.com/_next/static/immutable/chunks/0ptceisbtumvk.js:38:48063)
    at async ae.makeRequest (https://vercel.com/_next/static/immutable/chunks/0ptceisbtumvk.js:23:47520)
    at async ae.resumeStream (https://vercel.com/_next/static/immutable/chunks/0ptceisbtumvk.js:23:44598) @ https://vercel.com/_next/static/immutable/chunks/403bidaxwqz62.js:1
[    3587ms] [WARNING] Deprecated API for given entry type. @ https://vercel.com/_next/static/immutable/chunks/2tnbrlqru_fp5.js:18
