[     175ms] [LOG] %c
▲

    ________   _ __ _          ____           __
   /  _/ __/  (_) /( )_____   / __/___ ______/ /_
   / // /_   / / __/// ___/  / /_/ __ `/ ___/ __/
 _/ // __/  / / /_  (__  )  / __/ /_/ (__  ) /_
/___/_/    /_/\__/ /____/  /_/  \__,_/____/\__/
    _ __ _                         _    __                    __
   (_) /( )_____   ____  ____     | |  / /__  _____________  / /
  / / __/// ___/  / __ \/ __ \    | | / / _ \/ ___/ ___/ _ \/ /
 / / /_  (__  )  / /_/ / / / /    | |/ /  __/ /  / /__/  __/ /
/_/\__/ /____/   \____/_/ /_/     |___/\___/_/   \___/\___/_/
  

Hello!

- Open Source https://vercel.com/oss
- Careers https://vercel.com/careers
- Status https://vercel-status.com

 font-family: "Geist Mono", monospace; white-space: pre; line-height: 1; @ https://vercel.com/_next/static/immutable/chunks/0-ks46k3iq52l.js:78
[    3776ms] [ERROR] Failed to load resource: the server responded with a status of 404 () @ https://vercel.com/api/chat/VbZr0CfQJBSN1B4j/stream:0
[    3843ms] [WARNING] [omniagent] chat stream failed Error: {"error":{"code":"not_found","message":"The requested API endpoint was not found."}}
    at oS.reconnectToStream (https://vercel.com/_next/static/immutable/chunks/0ptceisbtumvk.js:38:48063)
    at async ae.makeRequest (https://vercel.com/_next/static/immutable/chunks/0ptceisbtumvk.js:23:47520)
    at async ae.resumeStream (https://vercel.com/_next/static/immutable/chunks/0ptceisbtumvk.js:23:44598) @ https://vercel.com/_next/static/immutable/chunks/403bidaxwqz62.js:1
[    4158ms] [WARNING] Deprecated API for given entry type. @ https://vercel.com/_next/static/immutable/chunks/2tnbrlqru_fp5.js:18
[    8358ms] [WARNING] The resource https://vercel.com/_next/static/immutable/chunks/0qqjdj1jxku29.css was preloaded using link preload but not used within a few seconds from the window's load event. Please make sure it has an appropriate `as` value and it is preloaded intentionally. @ https://vercel.com/likelion1:0
[    8358ms] [WARNING] The resource https://vercel.com/_next/static/immutable/chunks/05uccjvodw55n.css was preloaded using link preload but not used within a few seconds from the window's load event. Please make sure it has an appropriate `as` value and it is preloaded intentionally. @ https://vercel.com/likelion1:0
[    8358ms] [WARNING] The resource https://vercel.com/_next/static/immutable/chunks/1h2tnrre05rk-.css was preloaded using link preload but not used within a few seconds from the window's load event. Please make sure it has an appropriate `as` value and it is preloaded intentionally. @ https://vercel.com/likelion1:0
[    8358ms] [WARNING] The resource https://vercel.com/_next/static/immutable/chunks/25nnd13fh_4k5.css was preloaded using link preload but not used within a few seconds from the window's load event. Please make sure it has an appropriate `as` value and it is preloaded intentionally. @ https://vercel.com/likelion1:0
[    8358ms] [WARNING] The resource https://vercel.com/_next/static/immutable/chunks/2w_u-eqh3ss0t.css was preloaded using link preload but not used within a few seconds from the window's load event. Please make sure it has an appropriate `as` value and it is preloaded intentionally. @ https://vercel.com/likelion1:0
[   18251ms] [WARNING] The resource https://vercel.com/_next/static/immutable/chunks/0qqjdj1jxku29.css was preloaded using link preload but not used within a few seconds from the window's load event. Please make sure it has an appropriate `as` value and it is preloaded intentionally. @ https://vercel.com/likelion1:0
[   18251ms] [WARNING] The resource https://vercel.com/_next/static/immutable/chunks/05uccjvodw55n.css was preloaded using link preload but not used within a few seconds from the window's load event. Please make sure it has an appropriate `as` value and it is preloaded intentionally. @ https://vercel.com/likelion1:0
[   18251ms] [WARNING] The resource https://vercel.com/_next/static/immutable/chunks/1h2tnrre05rk-.css was preloaded using link preload but not used within a few seconds from the window's load event. Please make sure it has an appropriate `as` value and it is preloaded intentionally. @ https://vercel.com/likelion1:0
[   18251ms] [WARNING] The resource https://vercel.com/_next/static/immutable/chunks/25nnd13fh_4k5.css was preloaded using link preload but not used within a few seconds from the window's load event. Please make sure it has an appropriate `as` value and it is preloaded intentionally. @ https://vercel.com/likelion1:0
[   18251ms] [WARNING] The resource https://vercel.com/_next/static/immutable/chunks/2w_u-eqh3ss0t.css was preloaded using link preload but not used within a few seconds from the window's load event. Please make sure it has an appropriate `as` value and it is preloaded intentionally. @ https://vercel.com/likelion1:0
[   28251ms] [WARNING] The resource https://vercel.com/_next/static/immutable/chunks/0qqjdj1jxku29.css was preloaded using link preload but not used within a few seconds from the window's load event. Please make sure it has an appropriate `as` value and it is preloaded intentionally. @ https://vercel.com/likelion1:0
[   28252ms] [WARNING] The resource https://vercel.com/_next/static/immutable/chunks/05uccjvodw55n.css was preloaded using link preload but not used within a few seconds from the window's load event. Please make sure it has an appropriate `as` value and it is preloaded intentionally. @ https://vercel.com/likelion1:0
[   28252ms] [WARNING] The resource https://vercel.com/_next/static/immutable/chunks/1h2tnrre05rk-.css was preloaded using link preload but not used within a few seconds from the window's load event. Please make sure it has an appropriate `as` value and it is preloaded intentionally. @ https://vercel.com/likelion1:0
[   28252ms] [WARNING] The resource https://vercel.com/_next/static/immutable/chunks/25nnd13fh_4k5.css was preloaded using link preload but not used within a few seconds from the window's load event. Please make sure it has an appropriate `as` value and it is preloaded intentionally. @ https://vercel.com/likelion1:0
[   28252ms] [WARNING] The resource https://vercel.com/_next/static/immutable/chunks/2w_u-eqh3ss0t.css was preloaded using link preload but not used within a few seconds from the window's load event. Please make sure it has an appropriate `as` value and it is preloaded intentionally. @ https://vercel.com/likelion1:0
