[     318ms] [LOG] %c
▲

    ____                               _ __
   / __ \________  ____ _____ ___     (_) /_
  / / / / ___/ _ \/ __ `/ __ `__ \   / / __/
 / /_/ / /  /  __/ /_/ / / / / / /  / / /__
/_____/_/   \___/\__,_/_/ /_/ /_/  /_/\__( )
   _____ __    _          _ __           |/
  / ___// /_  (_)___     (_) /_
  \__ \/ __ \/ / __ \   / / __/
 ___/ / / / / / /_/ /  / / /_
/____/_/ /_/_/ .___/  /_/\__/
            /_/
  

Hello!

- Open Source https://vercel.com/oss
- Careers https://vercel.com/careers
- Status https://vercel-status.com

 font-family: "Geist Mono", monospace; white-space: pre; line-height: 1; @ https://vercel.com/_next/static/immutable/chunks/0-ks46k3iq52l.js:78
[     888ms] [WARNING] [GSI_LOGGER]: Your client application uses one of the Google One Tap prompt UI status methods that may stop functioning when FedCM becomes mandatory. Refer to the migration guide to update your code accordingly and opt-in to FedCM to test your changes. Learn more: https://developers.google.com/identity/gsi/web/guides/fedcm-migration?s=dc#display_moment and https://developers.google.com/identity/gsi/web/guides/fedcm-migration?s=dc#skipped_moment @ https://accounts.google.com/gsi/client:84
[    1105ms] [ERROR] Failed to load resource: the server responded with a status of 403 () @ https://vercel.com/api/jwt:0
[    1471ms] [WARNING] Deprecated API for given entry type. @ https://vercel.com/_next/static/immutable/chunks/2tnbrlqru_fp5.js:18
[    4581ms] [WARNING] The resource https://vercel.com/_next/static/immutable/media/adobe-dark.1yc1msmmj95aw.svg was preloaded using link preload but not used within a few seconds from the window's load event. Please make sure it has an appropriate `as` value and it is preloaded intentionally. @ https://vercel.com/login?next=%2Fslsvm1013-6708s-projects%2Fsalarymap%2F5Dbvzu1MtSnmXQbVpUrqt6M6MosT:0
[    4581ms] [WARNING] The resource https://vercel.com/_next/static/immutable/media/ebay-dark.34mho2a18qqlt.svg was preloaded using link preload but not used within a few seconds from the window's load event. Please make sure it has an appropriate `as` value and it is preloaded intentionally. @ https://vercel.com/login?next=%2Fslsvm1013-6708s-projects%2Fsalarymap%2F5Dbvzu1MtSnmXQbVpUrqt6M6MosT:0
[    4581ms] [WARNING] The resource https://vercel.com/_next/static/immutable/media/stripe-light.2l_1jctpe6k_4.svg was preloaded using link preload but not used within a few seconds from the window's load event. Please make sure it has an appropriate `as` value and it is preloaded intentionally. @ https://vercel.com/login?next=%2Fslsvm1013-6708s-projects%2Fsalarymap%2F5Dbvzu1MtSnmXQbVpUrqt6M6MosT:0
[    4581ms] [WARNING] The resource https://vercel.com/_next/static/immutable/media/stripe-dark.16ozjth2vgb_3.svg was preloaded using link preload but not used within a few seconds from the window's load event. Please make sure it has an appropriate `as` value and it is preloaded intentionally. @ https://vercel.com/login?next=%2Fslsvm1013-6708s-projects%2Fsalarymap%2F5Dbvzu1MtSnmXQbVpUrqt6M6MosT:0
[    4581ms] [WARNING] The resource https://vercel.com/_next/static/immutable/media/adobe-light.406_7oryl71va.svg was preloaded using link preload but not used within a few seconds from the window's load event. Please make sure it has an appropriate `as` value and it is preloaded intentionally. @ https://vercel.com/login?next=%2Fslsvm1013-6708s-projects%2Fsalarymap%2F5Dbvzu1MtSnmXQbVpUrqt6M6MosT:0
[    4581ms] [WARNING] The resource https://vercel.com/_next/static/immutable/media/ebay-light.3ft_ki8203ov0.svg was preloaded using link preload but not used within a few seconds from the window's load event. Please make sure it has an appropriate `as` value and it is preloaded intentionally. @ https://vercel.com/login?next=%2Fslsvm1013-6708s-projects%2Fsalarymap%2F5Dbvzu1MtSnmXQbVpUrqt6M6MosT:0
[   10650ms] [ERROR] The request has been aborted. @ https://vercel.com/login?next=%2Fslsvm1013-6708s-projects%2Fsalarymap%2F5Dbvzu1MtSnmXQbVpUrqt6M6MosT:0
[   10655ms] [ERROR] [GSI_LOGGER]: FedCM get() rejects with AbortError: signal is aborted without reason @ https://vercel.com/_next/static/immutable/chunks/3o42w7e4nv1xl.js:1
[   10720ms] [ERROR] Failed to load resource: the server responded with a status of 429 () @ https://o205439.ingest.sentry.io/api/1323670/envelope/?sentry_key=d00780d432ac4ccf882f60dd02062e14&sentry_version=7&sentry_client=sentry.javascript.browser%2F7.111.0:0
[   13624ms] [LOG] %c
▲

 _____ _              _                    _   _             __
|_   _| |__   ___    / \   __ _  ___ _ __ | |_(_) ___       / /
  | | | '_ \ / _ \  / _ \ / _` |/ _ \ '_ \| __| |/ __|     / /
  | | | | | |  __/ / ___ \ (_| |  __/ | | | |_| | (__     /_/
  |_| |_| |_|\___|/_/   \_\__, |\___|_| |_|\__|_|\___|    (_)
                           |___/
 ___        __               _                   _                 _
|_ _|_ __  / _|_ __ __ _ ___| |_ _ __ _   _  ___| |_ _   _ _ __ ___
 | || '_ \| |_| '__/ _` / __| __| '__| | | |/ __| __| | | | '__/ _ \
 | || | | |  _| | | (_| \__ \ |_| |  | |_| | (__| |_| |_| | | |  __/
|___|_| |_|_| |_|  \__,_|___/\__|_|   \__,_|\___|\__|\__,_|_|  \___|
  

Hello!

- Open Source https://vercel.com/oss
- Careers https://vercel.com/careers
- Status https://vercel-status.com

 font-family: "Geist Mono", monospace; white-space: pre; line-height: 1; @ https://vercel.com/_next/static/immutable/chunks/0-ks46k3iq52l.js:78
[   13840ms] [WARNING] iso_swr: SSR fetch failed for "/v1/dashboard/projects/salarymap?teamId=slsvm1013-6708s-projects" {error: iso_swr_fetch_error, message: Not authorized} @ https://vercel.com/slsvm1013-6708s-projects/salarymap/5Dbvzu1MtSnmXQbVpUrqt6M6MosT:1460
[   13979ms] [WARNING] iso_swr: SSR fetch failed for "/api/v9/projects/salarymap?latestDeployments=0&rollbackInfo=true&teamId=slsvm1013-6708s-projects" {error: iso_swr_fetch_error, message: Not authorized} @ https://vercel.com/slsvm1013-6708s-projects/salarymap/5Dbvzu1MtSnmXQbVpUrqt6M6MosT:1479
[   13984ms] [WARNING] iso_swr: SSR fetch failed for "/v1/dashboard/deployments/dpl_5Dbvzu1MtSnmXQbVpUrqt6M6MosT?includeDeleted=true&projectName=salarymap&teamId=slsvm1013-6708s-projects" {error: iso_swr_fetch_error, message: Not authorized} @ https://vercel.com/slsvm1013-6708s-projects/salarymap/5Dbvzu1MtSnmXQbVpUrqt6M6MosT:1509
[   13992ms] [WARNING] iso_swr: SSR fetch failed for "/api/dashboard/deployments/dpl_5Dbvzu1MtSnmXQbVpUrqt6M6MosT?includeDeleted=true&projectName=salarymap&teamId=slsvm1013-6708s-projects" {error: iso_swr_fetch_error, message: Not authorized} @ https://vercel.com/slsvm1013-6708s-projects/salarymap/5Dbvzu1MtSnmXQbVpUrqt6M6MosT:1528
[   13992ms] [WARNING] iso_swr: SSR fetch failed for "/api/v2/teams/slsvm1013-6708s-projects" {error: iso_swr_fetch_error, message: Not authorized} @ https://vercel.com/slsvm1013-6708s-projects/salarymap/5Dbvzu1MtSnmXQbVpUrqt6M6MosT:1528
[   14884ms] [WARNING] iso_swr[warn] [client] fallback error for key: "/api/v2/teams/slsvm1013-6708s-projects" {error: iso_swr_fetch_error, message: Not authorized} @ https://vercel.com/_next/static/immutable/chunks/02_j21lflgwpt.js:2
[   14934ms] [WARNING] iso_swr[warn] [client] fallback error for key: "/v1/dashboard/projects/salarymap?teamId=slsvm1013-6708s-projects" {error: iso_swr_fetch_error, message: Not authorized} @ https://vercel.com/_next/static/immutable/chunks/02_j21lflgwpt.js:2
[   14958ms] [WARNING] iso_swr[warn] [client] fallback error for key: "/api/v9/projects/salarymap?latestDeployments=0&rollbackInfo=true&teamId=slsvm1013-6708s-projects" {error: iso_swr_fetch_error, message: Not authorized} @ https://vercel.com/_next/static/immutable/chunks/02_j21lflgwpt.js:2
[   15056ms] [WARNING] iso_swr[warn] [client] fallback error for key: "/v1/dashboard/deployments/dpl_5Dbvzu1MtSnmXQbVpUrqt6M6MosT?includeDeleted=true&projectName=salarymap&teamId=slsvm1013-6708s-projects" {error: iso_swr_fetch_error, message: Not authorized} @ https://vercel.com/_next/static/immutable/chunks/02_j21lflgwpt.js:2
[   16365ms] [ERROR] Failed to load resource: the server responded with a status of 403 () @ https://vercel.com/api/v1/dashboard/projects/salarymap?teamId=slsvm1013-6708s-projects:0
[   16372ms] [ERROR] Failed to load resource: the server responded with a status of 403 () @ https://vercel.com/api/v2/teams/slsvm1013-6708s-projects:0
[   16373ms] [ERROR] Failed to load resource: the server responded with a status of 403 () @ https://vercel.com/api/v9/projects/salarymap?latestDeployments=0&rollbackInfo=true&teamId=slsvm1013-6708s-projects:0
[   16374ms] [ERROR] Failed to load resource: the server responded with a status of 403 () @ https://vercel.com/api/user/permissions?projectIdOrName=salarymap&slug=slsvm1013-6708s-projects:0
[   16374ms] [ERROR] Failed to load resource: the server responded with a status of 403 () @ https://vercel.com/api/v1/dashboard/deployments/dpl_5Dbvzu1MtSnmXQbVpUrqt6M6MosT?includeDeleted=true&projectName=salarymap&teamId=slsvm1013-6708s-projects:0
[   16475ms] [ERROR] Failed to load resource: the server responded with a status of 403 () @ https://vercel.com/api/dash-tips?teamId=slsvm1013-6708s-projects:0
[   16477ms] [LOG] Ignored request error CustomFetchError: Not authorized
    at g (https://vercel.com/_next/static/immutable/chunks/0c_ixzldbzlr5.js:2:37547)
    at async https://vercel.com/_next/static/immutable/chunks/3ju7s9709dxkc.js:2:12183 @ https://vercel.com/_next/static/immutable/chunks/1xadcgfeg-4_q.js:11
[   16478ms] [LOG] Ignored request error CustomFetchError: Not authorized
    at g (https://vercel.com/_next/static/immutable/chunks/0c_ixzldbzlr5.js:2:37547)
    at async https://vercel.com/_next/static/immutable/chunks/3ju7s9709dxkc.js:2:12183 @ https://vercel.com/_next/static/immutable/chunks/1xadcgfeg-4_q.js:11
[   16478ms] [LOG] Ignored request error CustomFetchError: Not authorized
    at g (https://vercel.com/_next/static/immutable/chunks/0c_ixzldbzlr5.js:2:37547)
    at async https://vercel.com/_next/static/immutable/chunks/3ju7s9709dxkc.js:2:12183 @ https://vercel.com/_next/static/immutable/chunks/1xadcgfeg-4_q.js:11
[   16480ms] [LOG] Ignored request error CustomFetchError: Not authorized
    at g (https://vercel.com/_next/static/immutable/chunks/0c_ixzldbzlr5.js:2:37547)
    at async https://vercel.com/_next/static/immutable/chunks/33d33epilv3f6.js:2:25645
    at async https://vercel.com/_next/static/immutable/chunks/3ju7s9709dxkc.js:2:12183 @ https://vercel.com/_next/static/immutable/chunks/1xadcgfeg-4_q.js:11
[   16481ms] [ERROR] Failed to load resource: the server responded with a status of 403 () @ https://vercel.com/api/recents?hydrateLimit=30&limit=7&teamId=slsvm1013-6708s-projects&type=preview:0
[   16481ms] [ERROR] Failed to load resource: the server responded with a status of 403 () @ https://vercel.com/api/v2/dashboard/projects?favorites=1&limit=25&teamId=slsvm1013-6708s-projects:0
[   16486ms] [LOG] Ignored request error CustomFetchError: You don't have permission to access this resource.
    at g (https://vercel.com/_next/static/immutable/chunks/0c_ixzldbzlr5.js:2:37547)
    at async revalidateOnFocus (https://vercel.com/_next/static/immutable/chunks/1xadcgfeg-4_q.js:12:1621)
    at async https://vercel.com/_next/static/immutable/chunks/3ju7s9709dxkc.js:2:12183 @ https://vercel.com/_next/static/immutable/chunks/1xadcgfeg-4_q.js:11
[   16507ms] [ERROR] Failed to load resource: the server responded with a status of 403 () @ https://vercel.com/api/nav/sidebar/badges?scope=project&teamId=slsvm1013-6708s-projects&projectId=salarymap:0
[   16549ms] [ERROR] Failed to load resource: the server responded with a status of 404 () @ https://vercel.com/api/chat/kLCYf6KKqTe3ohdj/stream:0
[   16550ms] [WARNING] [omniagent] chat stream failed Error: {"error":{"code":"not_found","message":"The requested API endpoint was not found."}}
    at oS.reconnectToStream (https://vercel.com/_next/static/immutable/chunks/0ptceisbtumvk.js:38:48063)
    at async ae.makeRequest (https://vercel.com/_next/static/immutable/chunks/0ptceisbtumvk.js:23:47520)
    at async ae.resumeStream (https://vercel.com/_next/static/immutable/chunks/0ptceisbtumvk.js:23:44598) @ https://vercel.com/_next/static/immutable/chunks/403bidaxwqz62.js:1
[   16880ms] [WARNING] Deprecated API for given entry type. @ https://vercel.com/_next/static/immutable/chunks/2tnbrlqru_fp5.js:18
[   20219ms] [WARNING] The resource https://vercel.com/_next/static/immutable/chunks/3d792zqltro0t.css was preloaded using link preload but not used within a few seconds from the window's load event. Please make sure it has an appropriate `as` value and it is preloaded intentionally. @ https://vercel.com/slsvm1013-6708s-projects/salarymap/5Dbvzu1MtSnmXQbVpUrqt6M6MosT:0
[   20219ms] [WARNING] The resource https://vercel.com/_next/static/immutable/media/GeistMono_Variable.p.1bcgm0qa26ixg.woff2 was preloaded using link preload but not used within a few seconds from the window's load event. Please make sure it has an appropriate `as` value and it is preloaded intentionally. @ https://vercel.com/slsvm1013-6708s-projects/salarymap/5Dbvzu1MtSnmXQbVpUrqt6M6MosT:0
[   20219ms] [WARNING] The resource https://vercel.com/_next/static/immutable/media/caa3a2e1cccd8315.p.0wgildi0cnwt9.woff2 was preloaded using link preload but not used within a few seconds from the window's load event. Please make sure it has an appropriate `as` value and it is preloaded intentionally. @ https://vercel.com/slsvm1013-6708s-projects/salarymap/5Dbvzu1MtSnmXQbVpUrqt6M6MosT:0
[   26651ms] [ERROR] Failed to load resource: the server responded with a status of 403 () @ https://vercel.com/api/user/permissions?projectIdOrName=salarymap&slug=slsvm1013-6708s-projects:0
[   26652ms] [LOG] Ignored request error CustomFetchError: Not authorized
    at g (https://vercel.com/_next/static/immutable/chunks/0c_ixzldbzlr5.js:2:37547)
    at async https://vercel.com/_next/static/immutable/chunks/3ju7s9709dxkc.js:2:12183 @ https://vercel.com/_next/static/immutable/chunks/2tnbrlqru_fp5.js:16
[   26690ms] [ERROR] Failed to load resource: the server responded with a status of 403 () @ https://vercel.com/api/dash-tips?teamId=slsvm1013-6708s-projects:0
[   26692ms] [LOG] Ignored request error CustomFetchError: You don't have permission to access this resource.
    at g (https://vercel.com/_next/static/immutable/chunks/0c_ixzldbzlr5.js:2:37547)
    at async revalidateOnFocus (https://vercel.com/_next/static/immutable/chunks/1xadcgfeg-4_q.js:12:1621)
    at async https://vercel.com/_next/static/immutable/chunks/3ju7s9709dxkc.js:2:12183 @ https://vercel.com/_next/static/immutable/chunks/2tnbrlqru_fp5.js:16
[   29934ms] [WARNING] The resource https://vercel.com/_next/static/immutable/chunks/3d792zqltro0t.css was preloaded using link preload but not used within a few seconds from the window's load event. Please make sure it has an appropriate `as` value and it is preloaded intentionally. @ https://vercel.com/slsvm1013-6708s-projects/salarymap/5Dbvzu1MtSnmXQbVpUrqt6M6MosT:0
[   29934ms] [WARNING] The resource https://vercel.com/_next/static/immutable/media/GeistMono_Variable.p.1bcgm0qa26ixg.woff2 was preloaded using link preload but not used within a few seconds from the window's load event. Please make sure it has an appropriate `as` value and it is preloaded intentionally. @ https://vercel.com/slsvm1013-6708s-projects/salarymap/5Dbvzu1MtSnmXQbVpUrqt6M6MosT:0
[   29934ms] [WARNING] The resource https://vercel.com/_next/static/immutable/media/caa3a2e1cccd8315.p.0wgildi0cnwt9.woff2 was preloaded using link preload but not used within a few seconds from the window's load event. Please make sure it has an appropriate `as` value and it is preloaded intentionally. @ https://vercel.com/slsvm1013-6708s-projects/salarymap/5Dbvzu1MtSnmXQbVpUrqt6M6MosT:0
[   36967ms] [ERROR] Failed to load resource: the server responded with a status of 403 () @ https://vercel.com/api/dash-tips?teamId=slsvm1013-6708s-projects:0
[   36968ms] [LOG] Ignored request error CustomFetchError: You don't have permission to access this resource.
    at g (https://vercel.com/_next/static/immutable/chunks/0c_ixzldbzlr5.js:2:37547)
    at async revalidateOnFocus (https://vercel.com/_next/static/immutable/chunks/1xadcgfeg-4_q.js:12:1621)
    at async https://vercel.com/_next/static/immutable/chunks/3ju7s9709dxkc.js:2:12183 @ https://vercel.com/_next/static/immutable/chunks/2tnbrlqru_fp5.js:16
[   39969ms] [WARNING] The resource https://vercel.com/_next/static/immutable/chunks/3d792zqltro0t.css was preloaded using link preload but not used within a few seconds from the window's load event. Please make sure it has an appropriate `as` value and it is preloaded intentionally. @ https://vercel.com/slsvm1013-6708s-projects/salarymap/5Dbvzu1MtSnmXQbVpUrqt6M6MosT:0
[   39969ms] [WARNING] The resource https://vercel.com/_next/static/immutable/media/GeistMono_Variable.p.1bcgm0qa26ixg.woff2 was preloaded using link preload but not used within a few seconds from the window's load event. Please make sure it has an appropriate `as` value and it is preloaded intentionally. @ https://vercel.com/slsvm1013-6708s-projects/salarymap/5Dbvzu1MtSnmXQbVpUrqt6M6MosT:0
[   39969ms] [WARNING] The resource https://vercel.com/_next/static/immutable/media/caa3a2e1cccd8315.p.0wgildi0cnwt9.woff2 was preloaded using link preload but not used within a few seconds from the window's load event. Please make sure it has an appropriate `as` value and it is preloaded intentionally. @ https://vercel.com/slsvm1013-6708s-projects/salarymap/5Dbvzu1MtSnmXQbVpUrqt6M6MosT:0
[   41819ms] [ERROR] Failed to load resource: the server responded with a status of 403 () @ https://vercel.com/api/user/permissions?projectIdOrName=salarymap&slug=slsvm1013-6708s-projects:0
[   41821ms] [LOG] Ignored request error CustomFetchError: Not authorized
    at g (https://vercel.com/_next/static/immutable/chunks/0c_ixzldbzlr5.js:2:37547)
    at async https://vercel.com/_next/static/immutable/chunks/3ju7s9709dxkc.js:2:12183 @ https://vercel.com/_next/static/immutable/chunks/2tnbrlqru_fp5.js:16
